Aug 30, 2023 9:33:04 AM runner.Base openBrowser
INFO: Browser Launched
Aug 30, 2023 9:33:06 AM runner.Base openBrowser
INFO: Browser Loaded the URL
Aug 30, 2023 9:33:07 AM runner.Testcase loginTest
INFO: Browser Navigated to the Web Page
Aug 30, 2023 9:33:10 AM runner.Testcase afterMethod
INFO: Browser closed
Aug 30, 2023 9:33:11 AM runner.Base openBrowser
INFO: Browser Launched
Aug 30, 2023 9:33:12 AM runner.Base openBrowser
INFO: Browser Loaded the URL
Aug 30, 2023 9:33:13 AM runner.Testcase loginTest
INFO: Browser Navigated to the Web Page
Aug 30, 2023 9:33:15 AM runner.Testcase afterMethod
INFO: Browser closed
Aug 30, 2023 9:33:16 AM runner.Base openBrowser
INFO: Browser Launched
Aug 30, 2023 9:33:18 AM runner.Base openBrowser
INFO: Browser Loaded the URL
Aug 30, 2023 9:33:27 AM runner.Testcase afterMethod
INFO: Browser closed
