Aug 30, 2023 8:24:42 AM runner.Base openBrowser
INFO: Browser Launched
Aug 30, 2023 8:24:43 AM runner.Base openBrowser
INFO: Browser Loaded the URL
Aug 30, 2023 8:24:44 AM runner.Testcase loginTest
INFO: Browser Navigated to the Web Page
Aug 30, 2023 8:24:47 AM runner.Testcase afterMethod
INFO: Browser closed
Aug 30, 2023 8:24:48 AM runner.Base openBrowser
INFO: Browser Launched
Aug 30, 2023 8:24:50 AM runner.Base openBrowser
INFO: Browser Loaded the URL
Aug 30, 2023 8:24:50 AM runner.Testcase loginTest
INFO: Browser Navigated to the Web Page
Aug 30, 2023 8:24:53 AM runner.Testcase afterMethod
INFO: Browser closed
Aug 30, 2023 8:24:54 AM runner.Base openBrowser
INFO: Browser Launched
Aug 30, 2023 8:24:55 AM runner.Base openBrowser
INFO: Browser Loaded the URL
Aug 30, 2023 8:25:04 AM runner.Testcase afterMethod
INFO: Browser closed
